<?xml version="1.0" encoding="UTF-8"?>
<!-- Generated by org.testng.reporters.JUnitXMLReporter -->
<testsuite hostname="cv000175" ignored="0" name="Independent test" tests="7" failures="0" timestamp="2020-04-15T11:21:38 IST" time="32.569" errors="0">
  <testcase name="executSession" time="20.603" classname="org.cinglevue.tests.SessionFactory"/>
  <testcase name="executSession" time="23.115" classname="org.cinglevue.tests.SessionFactory"/>
  <testcase name="executSession" time="23.574" classname="org.cinglevue.tests.SessionFactory"/>
  <testcase name="executSession" time="24.857" classname="org.cinglevue.tests.SessionFactory"/>
  <testcase name="executSession" time="29.364" classname="org.cinglevue.tests.SessionFactory"/>
  <testcase name="executSession" time="29.589" classname="org.cinglevue.tests.SessionFactory"/>
  <testcase name="executSession" time="32.224" classname="org.cinglevue.tests.SessionFactory"/>
</testsuite> <!-- Independent test -->
