<?xml version="1.0" encoding="UTF-8"?>
<!-- Generated by org.testng.reporters.JUnitXMLReporter -->
<testsuite hostname="cv000175" ignored="0" name="Default test" tests="3" failures="0" timestamp="2020-04-10T19:20:20 IST" time="11.615" errors="0">
  <testcase name="executSession" time="8.78" classname="org.cinglevue.tests.SessionFactory"/>
  <testcase name="executSession" time="10.623" classname="org.cinglevue.tests.SessionFactory"/>
  <testcase name="executSession" time="11.004" classname="org.cinglevue.tests.SessionFactory"/>
</testsuite> <!-- Default test -->
